<?xml version="1.0" encoding="UTF-8"?>
<!-- Generated by org.testng.reporters.JUnitReportReporter -->
<testsuite hostname="DESKTOP-ABN58QO" failures="0" tests="1" name="testSuite.TestGoogle" time="11.257" errors="0" timestamp="16 Oct 2019 03:54:30 GMT" skipped="0">
  <testcase classname="testSuite.TestGoogle" name="Test_Google" time="11.257"/>
</testsuite> <!-- testSuite.TestGoogle -->
